<?xml version="1.0" encoding="UTF-8"?>
<testng-results skipped="0" failed="0" ignored="0" total="1" passed="1">
  <reporter-output>
  </reporter-output>
  <suite name="Default suite" duration-ms="13860" started-at="2017-05-10T14:50:23Z" finished-at="2017-05-10T14:50:36Z">
    <groups>
    </groups>
    <test name="Default test" duration-ms="13860" started-at="2017-05-10T14:50:23Z" finished-at="2017-05-10T14:50:36Z">
      <class name="com.wordpress.testscases.VerifyWordPressLoginFirefox">
        <test-method status="PASS" signature="VerifyValidLogin()[pri:0, instance:com.wordpress.testscases.VerifyWordPressLoginFirefox@4501b7af]" name="VerifyValidLogin" duration-ms="13836" started-at="2017-05-10T11:50:23Z" finished-at="2017-05-10T11:50:36Z">
          <reporter-output>
          </reporter-output>
        </test-method> <!-- VerifyValidLogin -->
      </class> <!-- com.wordpress.testscases.VerifyWordPressLoginFirefox -->
    </test> <!-- Default test -->
  </suite> <!-- Default suite -->
</testng-results>
